..\vm\compiler\scope.hpp(139): Error! E121: col(17) syntax error
..\vm\compiler\scope.hpp(139): Note! N393: col(17) included from C:\Users\steve\work\mapanos\strongtalk-gcc-linux\build\incls\_x86_mapping.cpp.incl(8)
..\vm\compiler\scope.hpp(139): Note! N393: col(17) included from ..\VM\ASM\x86_mapping.cpp(27)
..\vm\compiler\scope.hpp(165): Error! E121: col(2) syntax error
..\vm\compiler\scope.hpp(174): Error! E121: col(2) syntax error
..\vm\compiler\scope.hpp(183): Error! E121: col(1) syntax error
..\vm\compiler\scope.hpp(187): Error! E121: col(1) syntax error
..\vm\compiler\scope.hpp(202): Error! E412: col(57) only member functions can be declared const or volatile
..\vm\compiler\scope.hpp(202): Error! E029: col(66) symbol '_method' has not been declared
..\vm\compiler\scope.hpp(203): Error! E412: col(50) only member functions can be declared const or volatile
..\vm\compiler\scope.hpp(205): Error! E412: col(57) only member functions can be declared const or volatile
..\vm\compiler\scope.hpp(206): Error! E412: col(57) only member functions can be declared const or volatile
..\vm\compiler\scope.hpp(206): Error! E029: col(66) symbol '_method' has not been declared
..\vm\compiler\scope.hpp(207): Error! E412: col(57) only member functions can be declared const or volatile
..\vm\compiler\scope.hpp(207): Error! E029: col(66) symbol '_nofSends' has not been declared
..\vm\compiler\scope.hpp(208): Error! E412: col(57) only member functions can be declared const or volatile
..\vm\compiler\scope.hpp(208): Error! E029: col(66) symbol '_method' has not been declared
..\vm\compiler\scope.hpp(209): Error! E412: col(57) only member functions can be declared const or volatile
..\vm\compiler\scope.hpp(209): Error! E029: col(66) symbol '_primFailure' has not been declared
..\vm\compiler\scope.hpp(210): Error! E412: col(57) only member functions can be declared const or volatile
..\vm\compiler\scope.hpp(210): Error! E121: col(66) syntax error
..\vm\compiler\scope.hpp(210): Error! E028: col(73) expecting ';' but found '}'
..\vm\compiler\scope.hpp(212): Error! E412: col(57) only member functions can be declared const or volatile
..\vm\compiler\scope.hpp(212): Error! E006: col(57) syntax error; probable cause: missing ';'
..\vm\compiler\scope.hpp(217): Error! E412: col(57) only member functions can be declared const or volatile
..\vm\compiler\scope.hpp(217): Error! E006: col(57) syntax error; probable cause: missing ';'
..\vm\compiler\scope.hpp(223): Error! E412: col(57) only member functions can be declared const or volatile
..\vm\compiler\scope.hpp(223): Error! E006: col(57) syntax error; probable cause: missing ';'
..\vm\compiler\scope.hpp(240): Error! E412: col(36) only member functions can be declared const or volatile
..\vm\compiler\scope.hpp(246): Error! E412: col(57) only member functions can be declared const or volatile
..\vm\compiler\scope.hpp(246): Error! E006: col(57) syntax error; probable cause: missing ';'
..\vm\compiler\scope.hpp(254): Error! E357: col(76) virtual function may only be declared in a class
..\vm\compiler\scope.hpp(255): Error! E357: col(36) virtual function may only be declared in a class
..\vm\compiler\scope.hpp(260): Error! E121: col(2) syntax error
..\vm\compiler\scope.hpp(262): Error! E357: col(34) virtual function may only be declared in a class
..\vm\compiler\scope.hpp(262): Error! E006: col(34) syntax error; probable cause: missing ';'
..\vm\compiler\scope.hpp(264): Error! E357: col(27) virtual function may only be declared in a class
..\vm\compiler\scope.hpp(266): Error! E121: col(2) syntax error
..\vm\compiler\scope.hpp(269): Error! E121: col(2) syntax error
..\vm\compiler\scope.hpp(273): Error! E121: col(2) syntax error
..\vm\compiler\scope.hpp(280): Error! E121: col(2) syntax error
..\vm\compiler\scope.hpp(289): Error! E296: col(29) friend declarations may only be declared in a class
..\vm\compiler\scope.hpp(293): Error! E641: col(40) cannot inherit a partially defined base class 'InlinedScope'
..\vm\compiler\scope.hpp(314): Error! E641: col(39) cannot inherit a partially defined base class 'InlinedScope'
..\VM\ASM\x86_mapping.cpp(98): Error! E386: col(75) attempt to use pointer to undefined class
..\VM\ASM\x86_mapping.cpp(98): Note! N638: col(75) 'InlinedScope' defined in: ..\vm\compiler\scope.hpp(125) (col 7)
..\VM\ASM\x86_mapping.cpp(109): Error! E386: col(64) attempt to use pointer to undefined class
..\VM\ASM\x86_mapping.cpp(109): Note! N638: col(64) 'InlinedScope' defined in: ..\vm\compiler\scope.hpp(125) (col 7)
..\VM\ASM\x86_mapping.cpp(173): Error! E386: col(48) attempt to use pointer to undefined class
..\VM\ASM\x86_mapping.cpp(173): Note! N638: col(48) 'InlinedScope' defined in: ..\vm\compiler\scope.hpp(125) (col 7)
..\VM\ASM\x86_mapping.cpp(208): Error! E386: col(48) attempt to use pointer to undefined class
..\VM\ASM\x86_mapping.cpp(208): Note! N638: col(48) 'InlinedScope' defined in: ..\vm\compiler\scope.hpp(125) (col 7)
..\VM\ASM\x86_mapping.cpp(243): Error! E386: col(48) attempt to use pointer to undefined class
..\VM\ASM\x86_mapping.cpp(243): Note! N638: col(48) 'InlinedScope' defined in: ..\vm\compiler\scope.hpp(125) (col 7)
